2026/04/04 22:51:53 server.go:332: ===================================================
2026/04/04 22:51:53 server.go:333: PIME Go 后端启动
2026/04/04 22:51:53 server.go:334: ===================================================
2026/04/04 22:51:53 server.go:284: 加载输入法: Fcitx5 输入法 (PIME - Go) ({D2E4A8B1-6C35-4F90-AB7D-18E2635C9F41})
2026/04/04 22:51:53 server.go:61: 注册输入法服务: {D2E4A8B1-6C35-4F90-AB7D-18E2635C9F41}
2026/04/04 22:51:53 server.go:284: 加载输入法: 喵喵輸入法 (Go版) ({7A1C2E93-5B64-4F88-AE21-3D9C6B70F145})
2026/04/04 22:51:53 server.go:61: 注册输入法服务: {7A1C2E93-5B64-4F88-AE21-3D9C6B70F145}
2026/04/04 22:51:53 server.go:284: 加载输入法: 中州韻輸入法 (PIME - Go) ({3F6B5A12-8D44-4E71-9A2E-6B4F9C1D2A30})
2026/04/04 22:51:53 server.go:61: 注册输入法服务: {3F6B5A12-8D44-4E71-9A2E-6B4F9C1D2A30}
2026/04/04 22:51:53 server.go:284: 加载输入法: Go拼音输入法 ({5C8E1D74-2F9A-4B63-91DE-7A45C8F2B306})
2026/04/04 22:51:53 server.go:61: 注册输入法服务: {5C8E1D74-2F9A-4B63-91DE-7A45C8F2B306}
2026/04/04 22:51:53 server.go:67: PIME Go 后端服务器已启动
2026/04/04 22:51:53 server.go:73: 收到 EOF，服务器停止
2026/04/04 22:52:23 server.go:345: ===================================================
2026/04/04 22:52:23 server.go:346: PIME Go 后端启动
2026/04/04 22:52:23 server.go:347: ===================================================
2026/04/04 22:52:23 server.go:297: 加载输入法: Fcitx5 输入法 (PIME - Go) ({D2E4A8B1-6C35-4F90-AB7D-18E2635C9F41})
2026/04/04 22:52:23 server.go:61: 注册输入法服务: {D2E4A8B1-6C35-4F90-AB7D-18E2635C9F41}
2026/04/04 22:52:23 server.go:297: 加载输入法: 喵喵輸入法 (Go版) ({7A1C2E93-5B64-4F88-AE21-3D9C6B70F145})
2026/04/04 22:52:23 server.go:61: 注册输入法服务: {7A1C2E93-5B64-4F88-AE21-3D9C6B70F145}
2026/04/04 22:52:23 server.go:297: 加载输入法: 中州韻輸入法 (PIME - Go) ({3F6B5A12-8D44-4E71-9A2E-6B4F9C1D2A30})
2026/04/04 22:52:23 server.go:61: 注册输入法服务: {3F6B5A12-8D44-4E71-9A2E-6B4F9C1D2A30}
2026/04/04 22:52:23 server.go:297: 加载输入法: Go拼音输入法 ({5C8E1D74-2F9A-4B63-91DE-7A45C8F2B306})
2026/04/04 22:52:23 server.go:61: 注册输入法服务: {5C8E1D74-2F9A-4B63-91DE-7A45C8F2B306}
2026/04/04 22:52:23 server.go:67: PIME Go 后端服务器已启动
2026/04/04 22:52:23 server.go:73: 收到 EOF，服务器停止
2026/04/04 23:03:44 server.go:345: ===================================================
2026/04/04 23:03:44 server.go:346: PIME Go 后端启动
2026/04/04 23:03:44 server.go:347: ===================================================
2026/04/04 23:03:44 server.go:297: 加载输入法: Fcitx5 输入法 (PIME - Go) ({D2E4A8B1-6C35-4F90-AB7D-18E2635C9F41})
2026/04/04 23:03:44 server.go:61: 注册输入法服务: {D2E4A8B1-6C35-4F90-AB7D-18E2635C9F41}
2026/04/04 23:03:44 server.go:297: 加载输入法: 喵喵輸入法 (Go版) ({7A1C2E93-5B64-4F88-AE21-3D9C6B70F145})
2026/04/04 23:03:44 server.go:61: 注册输入法服务: {7A1C2E93-5B64-4F88-AE21-3D9C6B70F145}
2026/04/04 23:03:44 server.go:297: 加载输入法: 中州韻輸入法 (PIME - Go) ({3F6B5A12-8D44-4E71-9A2E-6B4F9C1D2A30})
2026/04/04 23:03:44 server.go:61: 注册输入法服务: {3F6B5A12-8D44-4E71-9A2E-6B4F9C1D2A30}
2026/04/04 23:03:44 server.go:297: 加载输入法: Go拼音输入法 ({5C8E1D74-2F9A-4B63-91DE-7A45C8F2B306})
2026/04/04 23:03:44 server.go:61: 注册输入法服务: {5C8E1D74-2F9A-4B63-91DE-7A45C8F2B306}
2026/04/04 23:03:44 server.go:67: PIME Go 后端服务器已启动
2026/04/04 23:03:44 server.go:73: 收到 EOF，服务器停止
2026/04/04 23:06:03 server.go:345: ===================================================
2026/04/04 23:06:03 server.go:346: PIME Go 后端启动
2026/04/04 23:06:03 server.go:347: ===================================================
2026/04/04 23:06:03 server.go:297: 加载输入法: Fcitx5 输入法 (PIME - Go) ({D2E4A8B1-6C35-4F90-AB7D-18E2635C9F41})
2026/04/04 23:06:03 server.go:61: 注册输入法服务: {D2E4A8B1-6C35-4F90-AB7D-18E2635C9F41}
2026/04/04 23:06:03 server.go:297: 加载输入法: 喵喵輸入法 (Go版) ({7A1C2E93-5B64-4F88-AE21-3D9C6B70F145})
2026/04/04 23:06:03 server.go:61: 注册输入法服务: {7A1C2E93-5B64-4F88-AE21-3D9C6B70F145}
2026/04/04 23:06:03 server.go:297: 加载输入法: 中州韻輸入法 (PIME - Go) ({3F6B5A12-8D44-4E71-9A2E-6B4F9C1D2A30})
2026/04/04 23:06:03 server.go:61: 注册输入法服务: {3F6B5A12-8D44-4E71-9A2E-6B4F9C1D2A30}
2026/04/04 23:06:03 server.go:297: 加载输入法: Go拼音输入法 ({5C8E1D74-2F9A-4B63-91DE-7A45C8F2B306})
2026/04/04 23:06:03 server.go:61: 注册输入法服务: {5C8E1D74-2F9A-4B63-91DE-7A45C8F2B306}
2026/04/04 23:06:03 server.go:67: PIME Go 后端服务器已启动
2026/04/04 23:06:03 server.go:73: 收到 EOF，服务器停止
2026/04/04 23:06:03 server.go:345: ===================================================
2026/04/04 23:06:03 server.go:346: PIME Go 后端启动
2026/04/04 23:06:03 server.go:347: ===================================================
2026/04/04 23:06:03 server.go:297: 加载输入法: Fcitx5 输入法 (PIME - Go) ({D2E4A8B1-6C35-4F90-AB7D-18E2635C9F41})
2026/04/04 23:06:03 server.go:61: 注册输入法服务: {D2E4A8B1-6C35-4F90-AB7D-18E2635C9F41}
2026/04/04 23:06:03 server.go:297: 加载输入法: 喵喵輸入法 (Go版) ({7A1C2E93-5B64-4F88-AE21-3D9C6B70F145})
2026/04/04 23:06:03 server.go:61: 注册输入法服务: {7A1C2E93-5B64-4F88-AE21-3D9C6B70F145}
2026/04/04 23:06:03 server.go:297: 加载输入法: 中州韻輸入法 (PIME - Go) ({3F6B5A12-8D44-4E71-9A2E-6B4F9C1D2A30})
2026/04/04 23:06:03 server.go:61: 注册输入法服务: {3F6B5A12-8D44-4E71-9A2E-6B4F9C1D2A30}
2026/04/04 23:06:03 server.go:297: 加载输入法: Go拼音输入法 ({5C8E1D74-2F9A-4B63-91DE-7A45C8F2B306})
2026/04/04 23:06:03 server.go:61: 注册输入法服务: {5C8E1D74-2F9A-4B63-91DE-7A45C8F2B306}
2026/04/04 23:06:03 server.go:67: PIME Go 后端服务器已启动
2026/04/04 23:06:03 server.go:73: 收到 EOF，服务器停止
