2026/04/04 21:44:10 server.go:332: ===================================================
2026/04/04 21:44:10 server.go:333: PIME Go 后端启动
2026/04/04 21:44:10 server.go:334: ===================================================
2026/04/04 21:44:10 server.go:254: 读取 input_methods 目录失败: open C:\Users\gbl\AppData\Local\Temp\go-build2916018160\b001\exe\input_methods: The system cannot find the file specified.
2026/04/04 21:44:10 server.go:67: PIME Go 后端服务器已启动
2026/04/04 21:45:18 server.go:332: ===================================================
2026/04/04 21:45:18 server.go:333: PIME Go 后端启动
2026/04/04 21:45:18 server.go:334: ===================================================
2026/04/04 21:45:18 server.go:284: 加载输入法: Fcitx5 输入法 (PIME - Go) ({D2E4A8B1-6C35-4F90-AB7D-18E2635C9F41})
2026/04/04 21:45:18 server.go:61: 注册输入法服务: {D2E4A8B1-6C35-4F90-AB7D-18E2635C9F41}
2026/04/04 21:45:18 server.go:284: 加载输入法: 喵喵輸入法 (Go版) ({7A1C2E93-5B64-4F88-AE21-3D9C6B70F145})
2026/04/04 21:45:18 server.go:61: 注册输入法服务: {7A1C2E93-5B64-4F88-AE21-3D9C6B70F145}
2026/04/04 21:45:18 server.go:284: 加载输入法: 中州韻輸入法 (PIME - Go) ({3F6B5A12-8D44-4E71-9A2E-6B4F9C1D2A30})
2026/04/04 21:45:18 server.go:61: 注册输入法服务: {3F6B5A12-8D44-4E71-9A2E-6B4F9C1D2A30}
2026/04/04 21:45:18 server.go:284: 加载输入法: Go拼音输入法 ({5C8E1D74-2F9A-4B63-91DE-7A45C8F2B306})
2026/04/04 21:45:18 server.go:61: 注册输入法服务: {5C8E1D74-2F9A-4B63-91DE-7A45C8F2B306}
2026/04/04 21:45:18 server.go:67: PIME Go 后端服务器已启动
2026/04/04 21:45:18 server.go:73: 收到 EOF，服务器停止
2026/04/04 21:45:38 server.go:332: ===================================================
2026/04/04 21:45:38 server.go:333: PIME Go 后端启动
2026/04/04 21:45:38 server.go:334: ===================================================
2026/04/04 21:45:38 server.go:284: 加载输入法: Fcitx5 输入法 (PIME - Go) ({D2E4A8B1-6C35-4F90-AB7D-18E2635C9F41})
2026/04/04 21:45:38 server.go:61: 注册输入法服务: {D2E4A8B1-6C35-4F90-AB7D-18E2635C9F41}
2026/04/04 21:45:38 server.go:284: 加载输入法: 喵喵輸入法 (Go版) ({7A1C2E93-5B64-4F88-AE21-3D9C6B70F145})
2026/04/04 21:45:38 server.go:61: 注册输入法服务: {7A1C2E93-5B64-4F88-AE21-3D9C6B70F145}
2026/04/04 21:45:38 server.go:284: 加载输入法: 中州韻輸入法 (PIME - Go) ({3F6B5A12-8D44-4E71-9A2E-6B4F9C1D2A30})
2026/04/04 21:45:38 server.go:61: 注册输入法服务: {3F6B5A12-8D44-4E71-9A2E-6B4F9C1D2A30}
2026/04/04 21:45:38 server.go:284: 加载输入法: Go拼音输入法 ({5C8E1D74-2F9A-4B63-91DE-7A45C8F2B306})
2026/04/04 21:45:38 server.go:61: 注册输入法服务: {5C8E1D74-2F9A-4B63-91DE-7A45C8F2B306}
2026/04/04 21:45:38 server.go:67: PIME Go 后端服务器已启动
2026/04/04 21:45:38 server.go:73: 收到 EOF，服务器停止
2026/04/04 21:45:49 server.go:332: ===================================================
2026/04/04 21:45:49 server.go:333: PIME Go 后端启动
2026/04/04 21:45:49 server.go:334: ===================================================
2026/04/04 21:45:49 server.go:284: 加载输入法: Fcitx5 输入法 (PIME - Go) ({D2E4A8B1-6C35-4F90-AB7D-18E2635C9F41})
2026/04/04 21:45:49 server.go:61: 注册输入法服务: {D2E4A8B1-6C35-4F90-AB7D-18E2635C9F41}
2026/04/04 21:45:49 server.go:284: 加载输入法: 喵喵輸入法 (Go版) ({7A1C2E93-5B64-4F88-AE21-3D9C6B70F145})
2026/04/04 21:45:49 server.go:61: 注册输入法服务: {7A1C2E93-5B64-4F88-AE21-3D9C6B70F145}
2026/04/04 21:45:49 server.go:284: 加载输入法: 中州韻輸入法 (PIME - Go) ({3F6B5A12-8D44-4E71-9A2E-6B4F9C1D2A30})
2026/04/04 21:45:49 server.go:61: 注册输入法服务: {3F6B5A12-8D44-4E71-9A2E-6B4F9C1D2A30}
2026/04/04 21:45:49 server.go:284: 加载输入法: Go拼音输入法 ({5C8E1D74-2F9A-4B63-91DE-7A45C8F2B306})
2026/04/04 21:45:49 server.go:61: 注册输入法服务: {5C8E1D74-2F9A-4B63-91DE-7A45C8F2B306}
2026/04/04 21:45:49 server.go:67: PIME Go 后端服务器已启动
2026/04/04 21:45:49 server.go:73: 收到 EOF，服务器停止
2026/04/04 21:45:49 server.go:332: ===================================================
2026/04/04 21:45:49 server.go:333: PIME Go 后端启动
2026/04/04 21:45:49 server.go:334: ===================================================
2026/04/04 21:45:49 server.go:284: 加载输入法: Fcitx5 输入法 (PIME - Go) ({D2E4A8B1-6C35-4F90-AB7D-18E2635C9F41})
2026/04/04 21:45:49 server.go:61: 注册输入法服务: {D2E4A8B1-6C35-4F90-AB7D-18E2635C9F41}
2026/04/04 21:45:49 server.go:284: 加载输入法: 喵喵輸入法 (Go版) ({7A1C2E93-5B64-4F88-AE21-3D9C6B70F145})
2026/04/04 21:45:49 server.go:61: 注册输入法服务: {7A1C2E93-5B64-4F88-AE21-3D9C6B70F145}
2026/04/04 21:45:49 server.go:284: 加载输入法: 中州韻輸入法 (PIME - Go) ({3F6B5A12-8D44-4E71-9A2E-6B4F9C1D2A30})
2026/04/04 21:45:49 server.go:61: 注册输入法服务: {3F6B5A12-8D44-4E71-9A2E-6B4F9C1D2A30}
2026/04/04 21:45:49 server.go:284: 加载输入法: Go拼音输入法 ({5C8E1D74-2F9A-4B63-91DE-7A45C8F2B306})
2026/04/04 21:45:49 server.go:61: 注册输入法服务: {5C8E1D74-2F9A-4B63-91DE-7A45C8F2B306}
2026/04/04 21:45:49 server.go:67: PIME Go 后端服务器已启动
2026/04/04 21:45:49 server.go:73: 收到 EOF，服务器停止
2026/04/04 21:45:50 server.go:332: ===================================================
2026/04/04 21:45:50 server.go:333: PIME Go 后端启动
2026/04/04 21:45:50 server.go:334: ===================================================
2026/04/04 21:45:50 server.go:284: 加载输入法: Fcitx5 输入法 (PIME - Go) ({D2E4A8B1-6C35-4F90-AB7D-18E2635C9F41})
2026/04/04 21:45:50 server.go:61: 注册输入法服务: {D2E4A8B1-6C35-4F90-AB7D-18E2635C9F41}
2026/04/04 21:45:50 server.go:284: 加载输入法: 喵喵輸入法 (Go版) ({7A1C2E93-5B64-4F88-AE21-3D9C6B70F145})
2026/04/04 21:45:50 server.go:61: 注册输入法服务: {7A1C2E93-5B64-4F88-AE21-3D9C6B70F145}
2026/04/04 21:45:50 server.go:284: 加载输入法: 中州韻輸入法 (PIME - Go) ({3F6B5A12-8D44-4E71-9A2E-6B4F9C1D2A30})
2026/04/04 21:45:50 server.go:61: 注册输入法服务: {3F6B5A12-8D44-4E71-9A2E-6B4F9C1D2A30}
2026/04/04 21:45:50 server.go:284: 加载输入法: Go拼音输入法 ({5C8E1D74-2F9A-4B63-91DE-7A45C8F2B306})
2026/04/04 21:45:50 server.go:61: 注册输入法服务: {5C8E1D74-2F9A-4B63-91DE-7A45C8F2B306}
2026/04/04 21:45:50 server.go:67: PIME Go 后端服务器已启动
2026/04/04 21:45:50 rime.go:231: RIME 输入法初始化
2026/04/04 21:45:50 server.go:73: 收到 EOF，服务器停止
2026/04/04 21:46:01 server.go:332: ===================================================
2026/04/04 21:46:01 server.go:333: PIME Go 后端启动
2026/04/04 21:46:01 server.go:334: ===================================================
2026/04/04 21:46:01 server.go:284: 加载输入法: Fcitx5 输入法 (PIME - Go) ({D2E4A8B1-6C35-4F90-AB7D-18E2635C9F41})
2026/04/04 21:46:01 server.go:61: 注册输入法服务: {D2E4A8B1-6C35-4F90-AB7D-18E2635C9F41}
2026/04/04 21:46:01 server.go:284: 加载输入法: 喵喵輸入法 (Go版) ({7A1C2E93-5B64-4F88-AE21-3D9C6B70F145})
2026/04/04 21:46:01 server.go:61: 注册输入法服务: {7A1C2E93-5B64-4F88-AE21-3D9C6B70F145}
2026/04/04 21:46:01 server.go:284: 加载输入法: 中州韻輸入法 (PIME - Go) ({3F6B5A12-8D44-4E71-9A2E-6B4F9C1D2A30})
2026/04/04 21:46:01 server.go:61: 注册输入法服务: {3F6B5A12-8D44-4E71-9A2E-6B4F9C1D2A30}
2026/04/04 21:46:01 server.go:284: 加载输入法: Go拼音输入法 ({5C8E1D74-2F9A-4B63-91DE-7A45C8F2B306})
2026/04/04 21:46:01 server.go:61: 注册输入法服务: {5C8E1D74-2F9A-4B63-91DE-7A45C8F2B306}
2026/04/04 21:46:01 server.go:67: PIME Go 后端服务器已启动
2026/04/04 21:46:01 server.go:73: 收到 EOF，服务器停止
2026/04/04 21:46:09 server.go:332: ===================================================
2026/04/04 21:46:09 server.go:333: PIME Go 后端启动
2026/04/04 21:46:09 server.go:334: ===================================================
2026/04/04 21:46:09 server.go:284: 加载输入法: Fcitx5 输入法 (PIME - Go) ({D2E4A8B1-6C35-4F90-AB7D-18E2635C9F41})
2026/04/04 21:46:09 server.go:61: 注册输入法服务: {D2E4A8B1-6C35-4F90-AB7D-18E2635C9F41}
2026/04/04 21:46:09 server.go:284: 加载输入法: 喵喵輸入法 (Go版) ({7A1C2E93-5B64-4F88-AE21-3D9C6B70F145})
2026/04/04 21:46:09 server.go:61: 注册输入法服务: {7A1C2E93-5B64-4F88-AE21-3D9C6B70F145}
2026/04/04 21:46:09 server.go:284: 加载输入法: 中州韻輸入法 (PIME - Go) ({3F6B5A12-8D44-4E71-9A2E-6B4F9C1D2A30})
2026/04/04 21:46:09 server.go:61: 注册输入法服务: {3F6B5A12-8D44-4E71-9A2E-6B4F9C1D2A30}
2026/04/04 21:46:09 server.go:284: 加载输入法: Go拼音输入法 ({5C8E1D74-2F9A-4B63-91DE-7A45C8F2B306})
2026/04/04 21:46:09 server.go:61: 注册输入法服务: {5C8E1D74-2F9A-4B63-91DE-7A45C8F2B306}
2026/04/04 21:46:09 server.go:67: PIME Go 后端服务器已启动
2026/04/04 21:46:09 server.go:73: 收到 EOF，服务器停止
2026/04/04 21:46:21 server.go:332: ===================================================
2026/04/04 21:46:21 server.go:333: PIME Go 后端启动
2026/04/04 21:46:21 server.go:334: ===================================================
2026/04/04 21:46:21 server.go:284: 加载输入法: Fcitx5 输入法 (PIME - Go) ({D2E4A8B1-6C35-4F90-AB7D-18E2635C9F41})
2026/04/04 21:46:21 server.go:61: 注册输入法服务: {D2E4A8B1-6C35-4F90-AB7D-18E2635C9F41}
2026/04/04 21:46:21 server.go:284: 加载输入法: 喵喵輸入法 (Go版) ({7A1C2E93-5B64-4F88-AE21-3D9C6B70F145})
2026/04/04 21:46:21 server.go:61: 注册输入法服务: {7A1C2E93-5B64-4F88-AE21-3D9C6B70F145}
2026/04/04 21:46:21 server.go:284: 加载输入法: 中州韻輸入法 (PIME - Go) ({3F6B5A12-8D44-4E71-9A2E-6B4F9C1D2A30})
2026/04/04 21:46:21 server.go:61: 注册输入法服务: {3F6B5A12-8D44-4E71-9A2E-6B4F9C1D2A30}
2026/04/04 21:46:21 server.go:332: ===================================================
2026/04/04 21:46:21 server.go:333: PIME Go 后端启动
2026/04/04 21:46:21 server.go:284: 加载输入法: Go拼音输入法 ({5C8E1D74-2F9A-4B63-91DE-7A45C8F2B306})
2026/04/04 21:46:21 server.go:334: ===================================================
2026/04/04 21:46:21 server.go:61: 注册输入法服务: {5C8E1D74-2F9A-4B63-91DE-7A45C8F2B306}
2026/04/04 21:46:21 server.go:67: PIME Go 后端服务器已启动
2026/04/04 21:46:21 rime.go:231: RIME 输入法初始化
2026/04/04 21:46:21 server.go:73: 收到 EOF，服务器停止
2026/04/04 21:46:21 server.go:284: 加载输入法: Fcitx5 输入法 (PIME - Go) ({D2E4A8B1-6C35-4F90-AB7D-18E2635C9F41})
2026/04/04 21:46:21 server.go:61: 注册输入法服务: {D2E4A8B1-6C35-4F90-AB7D-18E2635C9F41}
2026/04/04 21:46:21 server.go:284: 加载输入法: 喵喵輸入法 (Go版) ({7A1C2E93-5B64-4F88-AE21-3D9C6B70F145})
2026/04/04 21:46:21 server.go:61: 注册输入法服务: {7A1C2E93-5B64-4F88-AE21-3D9C6B70F145}
2026/04/04 21:46:21 server.go:284: 加载输入法: 中州韻輸入法 (PIME - Go) ({3F6B5A12-8D44-4E71-9A2E-6B4F9C1D2A30})
2026/04/04 21:46:21 server.go:61: 注册输入法服务: {3F6B5A12-8D44-4E71-9A2E-6B4F9C1D2A30}
2026/04/04 21:46:21 server.go:284: 加载输入法: Go拼音输入法 ({5C8E1D74-2F9A-4B63-91DE-7A45C8F2B306})
2026/04/04 21:46:21 server.go:61: 注册输入法服务: {5C8E1D74-2F9A-4B63-91DE-7A45C8F2B306}
2026/04/04 21:46:21 server.go:67: PIME Go 后端服务器已启动
2026/04/04 21:46:21 server.go:73: 收到 EOF，服务器停止
2026/04/04 21:46:21 server.go:332: ===================================================
2026/04/04 21:46:21 server.go:333: PIME Go 后端启动
2026/04/04 21:46:21 server.go:334: ===================================================
2026/04/04 21:46:21 server.go:284: 加载输入法: Fcitx5 输入法 (PIME - Go) ({D2E4A8B1-6C35-4F90-AB7D-18E2635C9F41})
2026/04/04 21:46:21 server.go:61: 注册输入法服务: {D2E4A8B1-6C35-4F90-AB7D-18E2635C9F41}
2026/04/04 21:46:21 server.go:284: 加载输入法: 喵喵輸入法 (Go版) ({7A1C2E93-5B64-4F88-AE21-3D9C6B70F145})
2026/04/04 21:46:21 server.go:61: 注册输入法服务: {7A1C2E93-5B64-4F88-AE21-3D9C6B70F145}
2026/04/04 21:46:21 server.go:284: 加载输入法: 中州韻輸入法 (PIME - Go) ({3F6B5A12-8D44-4E71-9A2E-6B4F9C1D2A30})
2026/04/04 21:46:21 server.go:61: 注册输入法服务: {3F6B5A12-8D44-4E71-9A2E-6B4F9C1D2A30}
2026/04/04 21:46:21 server.go:284: 加载输入法: Go拼音输入法 ({5C8E1D74-2F9A-4B63-91DE-7A45C8F2B306})
2026/04/04 21:46:21 server.go:61: 注册输入法服务: {5C8E1D74-2F9A-4B63-91DE-7A45C8F2B306}
2026/04/04 21:46:21 server.go:67: PIME Go 后端服务器已启动
2026/04/04 21:46:21 fcitx5.go:276: Fcitx5 输入法初始化
2026/04/04 21:46:21 fcitx5.go:298: 未找到 fcitx5.dll，使用模拟模式
2026/04/04 21:46:21 server.go:73: 收到 EOF，服务器停止
